<?xml version="1.0" encoding="UTF-8"?>
<!-- Generated by org.testng.reporters.JUnitReportReporter -->
<testsuite hostname="LAPTOP-9QSEN6ME" failures="0" tests="1" name="com.inetBanking.testCases.TC_LoginDDT_002" time="0.000" errors="0" timestamp="08 Apr 2023 10:05:55 GMT" skipped="1">
  <testcase classname="com.inetBanking.testCases.TC_LoginDDT_002" name="loginDDT" time="0.000">
    <skipped/>
  </testcase> <!-- loginDDT -->
</testsuite> <!-- com.inetBanking.testCases.TC_LoginDDT_002 -->
