<?xml version="1.0" encoding="UTF-8"?>
<!-- Generated by org.testng.reporters.JUnitReportReporter -->
<testsuite hostname="LAPTOP-9QSEN6ME" failures="0" tests="1" name="com.inetBanking.utilities.ExtentReportsFive" time="1.073" errors="0" timestamp="07 Apr 2023 02:50:13 GMT" skipped="0">
  <testcase classname="com.inetBanking.utilities.ExtentReportsFive" name="extentTest" time="1.073"/>
</testsuite> <!-- com.inetBanking.utilities.ExtentReportsFive -->
