<?xml version="1.0" encoding="UTF-8"?>
<!-- Generated by org.testng.reporters.JUnitReportReporter -->
<testsuite hostname="LAPTOP-9QSEN6ME" failures="0" tests="1" name="com.inetBanking.testCases.TC_LoginTest_001" time="1.327" errors="0" timestamp="08 Apr 2023 11:12:39 GMT" skipped="0">
  <testcase classname="com.inetBanking.testCases.TC_LoginTest_001" name="loginTest" time="1.327"/>
</testsuite> <!-- com.inetBanking.testCases.TC_LoginTest_001 -->
